# JRE version: Java(TM) SE Runtime Environment (8.0_60-b27) (build 1.8.0_60-b27)
# Java VM: Java HotSpot(TM) Client VM (25.60-b23 mixed mode windows-x86 )
Heap:
 def new generation   total 7488K, used 7488K [0x03e00000, 0x04610000, 0x19350000)
  eden space 6720K, 100% used [0x03e00000, 0x04490000, 0x04490000)
  from space 768K, 100% used [0x04550000, 0x04610000, 0x04610000)
  to   space 768K,  64% used [0x04490000, 0x0450c978, 0x04550000)
 tenured generation   total 16440K, used 16117K [0x19350000, 0x1a35e000, 0x43e00000)
   the space 16440K,  98% used [0x19350000, 0x1a30d510, 0x1a30d600, 0x1a35e000)
 Metaspace       used 3457K, capacity 3494K, committed 3520K, reserved 4480K
GC Heap History (10 events):
Event: 2.648 GC heap after
Heap after GC invocations=19 (full 1):
 def new generation   total 7488K, used 768K [0x03e00000, 0x04610000, 0x19350000)
  eden space 6720K,   0% used [0x03e00000, 0x03e00000, 0x04490000)
  from space 768K, 100% used [0x04550000, 0x04610000, 0x04610000)
  to   space 768K,   0% used [0x04490000, 0x04490000, 0x04550000)
 tenured generation   total 16440K, used 12598K [0x19350000, 0x1a35e000, 0x43e00000)
   the space 16440K,  76% used [0x19350000, 0x19f9db30, 0x19f9dc00, 0x1a35e000)
 Metaspace       used 3456K, capacity 3494K, committed 3520K, reserved 4480K
}
Event: 2.697 GC heap before
{Heap before GC invocations=19 (full 1):
 def new generation   total 7488K, used 7488K [0x03e00000, 0x04610000, 0x19350000)
  eden space 6720K, 100% used [0x03e00000, 0x04490000, 0x04490000)
  from space 768K, 100% used [0x04550000, 0x04610000, 0x04610000)
  to   space 768K,   0% used [0x04490000, 0x04490000, 0x04550000)
 tenured generation   total 16440K, used 12598K [0x19350000, 0x1a35e000, 0x43e00000)
   the space 16440K,  76% used [0x19350000, 0x19f9db30, 0x19f9dc00, 0x1a35e000)
 Metaspace       used 3456K, capacity 3494K, committed 3520K, reserved 4480K
Event: 2.706 GC heap after
Heap after GC invocations=20 (full 1):
 def new generation   total 7488K, used 768K [0x03e00000, 0x04610000, 0x19350000)
  eden space 6720K,   0% used [0x03e00000, 0x03e00000, 0x04490000)
  from space 768K, 100% used [0x04490000, 0x04550000, 0x04550000)
  to   space 768K,   0% used [0x04550000, 0x04550000, 0x04610000)
 tenured generation   total 16440K, used 13309K [0x19350000, 0x1a35e000, 0x43e00000)
   the space 16440K,  80% used [0x19350000, 0x1a04f4e8, 0x1a04f600, 0x1a35e000)
 Metaspace       used 3456K, capacity 3494K, committed 3520K, reserved 4480K
}
Event: 2.772 GC heap before
{Heap before GC invocations=20 (full 1):
 def new generation   total 7488K, used 7488K [0x03e00000, 0x04610000, 0x19350000)
  eden space 6720K, 100% used [0x03e00000, 0x04490000, 0x04490000)
  from space 768K, 100% used [0x04490000, 0x04550000, 0x04550000)
  to   space 768K,   0% used [0x04550000, 0x04550000, 0x04610000)
 tenured generation   total 16440K, used 13309K [0x19350000, 0x1a35e000, 0x43e00000)
   the space 16440K,  80% used [0x19350000, 0x1a04f4e8, 0x1a04f600, 0x1a35e000)
 Metaspace       used 3456K, capacity 3494K, committed 3520K, reserved 4480K
Event: 2.782 GC heap after
Heap after GC invocations=21 (full 1):
 def new generation   total 7488K, used 767K [0x03e00000, 0x04610000, 0x19350000)
  eden space 6720K,   0% used [0x03e00000, 0x03e00000, 0x04490000)
  from space 768K,  99% used [0x04550000, 0x0460fff8, 0x04610000)
  to   space 768K,   0% used [0x04490000, 0x04490000, 0x04550000)
 tenured generation   total 16440K, used 13954K [0x19350000, 0x1a35e000, 0x43e00000)
   the space 16440K,  84% used [0x19350000, 0x1a0f0ac0, 0x1a0f0c00, 0x1a35e000)
 Metaspace       used 3456K, capacity 3494K, committed 3520K, reserved 4480K
}
Event: 2.843 GC heap before
{Heap before GC invocations=21 (full 1):
 def new generation   total 7488K, used 7487K [0x03e00000, 0x04610000, 0x19350000)
  eden space 6720K, 100% used [0x03e00000, 0x04490000, 0x04490000)
  from space 768K,  99% used [0x04550000, 0x0460fff8, 0x04610000)
  to   space 768K,   0% used [0x04490000, 0x04490000, 0x04550000)
 tenured generation   total 16440K, used 13954K [0x19350000, 0x1a35e000, 0x43e00000)
   the space 16440K,  84% used [0x19350000, 0x1a0f0ac0, 0x1a0f0c00, 0x1a35e000)
 Metaspace       used 3457K, capacity 3494K, committed 3520K, reserved 4480K
Event: 2.853 GC heap after
Heap after GC invocations=22 (full 1):
 def new generation   total 7488K, used 768K [0x03e00000, 0x04610000, 0x19350000)
  eden space 6720K,   0% used [0x03e00000, 0x03e00000, 0x04490000)
  from space 768K, 100% used [0x04490000, 0x04550000, 0x04550000)
  to   space 768K,   0% used [0x04550000, 0x04550000, 0x04610000)
 tenured generation   total 16440K, used 15067K [0x19350000, 0x1a35e000, 0x43e00000)
   the space 16440K,  91% used [0x19350000, 0x1a206e78, 0x1a207000, 0x1a35e000)
 Metaspace       used 3457K, capacity 3494K, committed 3520K, reserved 4480K
}
Event: 2.932 GC heap before
{Heap before GC invocations=22 (full 1):
 def new generation   total 7488K, used 7488K [0x03e00000, 0x04610000, 0x19350000)
  eden space 6720K, 100% used [0x03e00000, 0x04490000, 0x04490000)
  from space 768K, 100% used [0x04490000, 0x04550000, 0x04550000)
  to   space 768K,   0% used [0x04550000, 0x04550000, 0x04610000)
 tenured generation   total 16440K, used 15067K [0x19350000, 0x1a35e000, 0x43e00000)
   the space 16440K,  91% used [0x19350000, 0x1a206e78, 0x1a207000, 0x1a35e000)
 Metaspace       used 3457K, capacity 3494K, committed 3520K, reserved 4480K
Event: 2.940 GC heap after
Heap after GC invocations=23 (full 1):
 def new generation   total 7488K, used 768K [0x03e00000, 0x04610000, 0x19350000)
  eden space 6720K,   0% used [0x03e00000, 0x03e00000, 0x04490000)
  from space 768K, 100% used [0x04550000, 0x04610000, 0x04610000)
  to   space 768K,   0% used [0x04490000, 0x04490000, 0x04550000)
 tenured generation   total 16440K, used 16052K [0x19350000, 0x1a35e000, 0x43e00000)
   the space 16440K,  97% used [0x19350000, 0x1a2fd0e0, 0x1a2fd200, 0x1a35e000)
 Metaspace       used 3457K, capacity 3494K, committed 3520K, reserved 4480K
}
Event: 2.976 GC heap before
{Heap before GC invocations=23 (full 1):
 def new generation   total 7488K, used 7488K [0x03e00000, 0x04610000, 0x19350000)
  eden space 6720K, 100% used [0x03e00000, 0x04490000, 0x04490000)
  from space 768K, 100% used [0x04550000, 0x04610000, 0x04610000)
  to   space 768K,   0% used [0x04490000, 0x04490000, 0x04550000)
 tenured generation   total 16440K, used 16052K [0x19350000, 0x1a35e000, 0x43e00000)
   the space 16440K,  97% used [0x19350000, 0x1a2fd0e0, 0x1a2fd200, 0x1a35e000)
 Metaspace       used 3457K, capacity 3494K, committed 3520K, reserved 4480K

